22 Jan 2014 14:44:08,288 INFO  ~ Starting C:\Users\rrajamani\workspace\RESTTestSuite
22 Jan 2014 14:44:08,748 WARN  ~ You're running Play! in DEV mode
22 Jan 2014 14:44:08,814 INFO  ~ Listening for HTTP on port 9001 (Waiting a first request to start) ...
22 Jan 2014 14:44:21,636 INFO  ~ Connected to jdbc:h2:mem:play;MODE=MYSQL;LOCK_MODE=0
22 Jan 2014 14:44:21,651 INFO  ~ Application 'RESTTestSuite' is now started !
22 Jan 2014 14:49:05,257 ERROR ~ 

@6h30270eh
Internal Server Error (500) for request GET /@tests/init

Compilation error (In /test/LeadAPITests.java around line 163)
The file /test/LeadAPITests.java could not be compiled. Error raised is : Syntax error, insert "AssignmentOperator Expression" to complete Expression

play.exceptions.CompilationException: Syntax error, insert "AssignmentOperator Expression" to complete Expression
	at play.classloading.ApplicationCompiler$2.acceptResult(ApplicationCompiler.java:246)
	at org.eclipse.jdt.internal.compiler.Compiler.compile(Compiler.java:478)
	at play.classloading.ApplicationCompiler.compile(ApplicationCompiler.java:282)
	at play.classloading.ApplicationClasses$ApplicationClass.compile(ApplicationClasses.java:281)
	at play.classloading.ApplicationClassloader.detectChanges(ApplicationClassloader.java:324)
	at play.Play.detectChanges(Play.java:625)
	at play.Invoker$Invocation.init(Invoker.java:198)
	at Invocation.HTTP Request(Play!)
22 Jan 2014 14:49:05,336 ERROR ~ 

@6h30270ei
Internal Server Error (500) for request GET /@tests/end?result=passed

Compilation error (In /test/LeadAPITests.java around line 163)
The file /test/LeadAPITests.java could not be compiled. Error raised is : Syntax error, insert "AssignmentOperator Expression" to complete Expression

play.exceptions.CompilationException: Syntax error, insert "AssignmentOperator Expression" to complete Expression
	at play.classloading.ApplicationCompiler$2.acceptResult(ApplicationCompiler.java:246)
	at org.eclipse.jdt.internal.compiler.Compiler.compile(Compiler.java:478)
	at play.classloading.ApplicationCompiler.compile(ApplicationCompiler.java:282)
	at play.classloading.ApplicationClasses$ApplicationClass.compile(ApplicationClasses.java:281)
	at play.classloading.ApplicationClassloader.detectChanges(ApplicationClassloader.java:324)
	at play.Play.detectChanges(Play.java:625)
	at play.Invoker$Invocation.init(Invoker.java:198)
	at Invocation.HTTP Request(Play!)
22 Jan 2014 14:49:05,381 ERROR ~ 

@6h30270ej
Internal Server Error (500) for request GET /@tests?select=LeadAPITests.class

Compilation error (In /test/LeadAPITests.java around line 163)
The file /test/LeadAPITests.java could not be compiled. Error raised is : Syntax error, insert "AssignmentOperator Expression" to complete Expression

play.exceptions.CompilationException: Syntax error, insert "AssignmentOperator Expression" to complete Expression
	at play.classloading.ApplicationCompiler$2.acceptResult(ApplicationCompiler.java:246)
	at org.eclipse.jdt.internal.compiler.Compiler.compile(Compiler.java:478)
	at play.classloading.ApplicationCompiler.compile(ApplicationCompiler.java:282)
	at play.classloading.ApplicationClasses$ApplicationClass.compile(ApplicationClasses.java:281)
	at play.classloading.ApplicationClassloader.detectChanges(ApplicationClassloader.java:324)
	at play.Play.detectChanges(Play.java:625)
	at play.Invoker$Invocation.init(Invoker.java:198)
	at Invocation.HTTP Request(Play!)
22 Jan 2014 14:50:30,804 INFO  ~ I/O exception (org.apache.http.NoHttpResponseException) caught when processing request: The target server failed to respond
22 Jan 2014 14:50:30,804 INFO  ~ Retrying request
